2025-02-14 05:57:30,020 - routes - INFO - Сообщение успешно отправлено в чат 79241908281@c.us.
2025-02-14 05:57:30,122 - routes - INFO - Сообщение успешно отправлено в чат 79241908281@c.us.
2025-02-14 05:59:54,514 - routes - INFO - Сообщение успешно отправлено в чат 79241908281@c.us.
2025-02-14 06:00:12,794 - routes - INFO - Сообщение успешно отправлено в чат 79241908281@c.us.
2025-02-14 06:00:20,347 - routes - INFO - Сообщение успешно отправлено в чат 79241908281@c.us.
2025-02-14 06:00:30,246 - routes - INFO - Сообщение успешно отправлено в чат 79241908281@c.us.
2025-02-14 06:02:01,346 - routes - INFO - Сообщение успешно отправлено в чат 79241908281@c.us.
2025-02-14 06:02:10,918 - routes - INFO - Сообщение успешно отправлено в чат 79241908281@c.us.
2025-02-14 06:02:15,474 - routes - INFO - Сообщение успешно отправлено в чат 79241908281@c.us.
2025-02-14 06:02:21,859 - routes - INFO - Сообщение успешно отправлено в чат 79241908281@c.us.
2025-02-14 06:02:27,647 - routes - INFO - Сообщение успешно отправлено в чат 79241908281@c.us.
2025-02-14 06:08:50,946 - routes - INFO - Сообщение успешно отправлено в чат 79241908281@c.us.
2025-02-14 06:09:17,225 - routes - INFO - Сообщение успешно отправлено в чат 79241908281@c.us.
2025-02-14 06:09:21,927 - routes - INFO - Сообщение успешно отправлено в чат 79241908281@c.us.
2025-02-14 06:09:29,173 - routes - INFO - Сообщение успешно отправлено в чат 79241908281@c.us.
2025-02-14 06:09:38,578 - routes - INFO - Сообщение успешно отправлено в чат 79241908281@c.us.
2025-02-14 06:09:47,364 - routes - INFO - Сообщение успешно отправлено в чат 79241908281@c.us.
2025-02-14 06:09:53,964 - routes - INFO - Сообщение успешно отправлено в чат 79241908281@c.us.
2025-02-14 06:10:10,484 - routes - ERROR - FATAL ERROR: invalid literal for int() with base 10: '<ID>'
Traceback (most recent call last):
  File "/root/my_flask_bot/routes.py", line 358, in handle_confirmation
    appointment_id = int(parts[1]) if len(parts) > 1 else None  # Извлекаем ID записи
                     ^^^^^^^^^^^^^
ValueError: invalid literal for int() with base 10: '<ID>'
2025-02-14 06:10:10,562 - routes - INFO - Сообщение успешно отправлено в чат 79241908281@c.us.
2025-02-14 06:10:10,647 - routes - INFO - Сообщение успешно отправлено в чат 79241908281@c.us.
2025-02-14 06:10:27,011 - routes - INFO - Отправка сообщения клиенту 79241908281@c.us: ❌ У вас нет активных записей.
2025-02-14 06:10:27,078 - routes - INFO - Сообщение успешно отправлено в чат 79241908281@c.us.
2025-02-14 06:10:27,079 - routes - INFO - Сообщение успешно отправлено клиенту 79241908281@c.us.
2025-02-14 06:10:27,147 - routes - INFO - Сообщение успешно отправлено в чат 79241908281@c.us.
2025-02-14 06:10:37,786 - routes - INFO - Отправка сообщения клиенту 79241908281@c.us: ❌ У вас нет активных записей.
2025-02-14 06:10:37,852 - routes - INFO - Сообщение успешно отправлено в чат 79241908281@c.us.
2025-02-14 06:10:37,853 - routes - INFO - Сообщение успешно отправлено клиенту 79241908281@c.us.
2025-02-14 06:10:37,930 - routes - INFO - Сообщение успешно отправлено в чат 79241908281@c.us.
2025-02-14 06:10:54,935 - routes - INFO - Сообщение успешно отправлено в чат 79241908281@c.us.
2025-02-14 06:10:59,836 - routes - INFO - Сообщение успешно отправлено в чат 79241908281@c.us.
2025-02-14 06:11:10,996 - routes - INFO - Доступные мастера для услуги Бритье: ['Иван Петров']
2025-02-14 06:11:11,075 - routes - INFO - Сообщение успешно отправлено в чат 79241908281@c.us.
2025-02-14 06:11:16,231 - routes - INFO - Ввод пользователя (выбор мастера): '1'
2025-02-14 06:11:16,236 - routes - INFO - Доступные мастера: ['Иван Петров']
2025-02-14 06:11:16,237 - routes - INFO - Выбран мастер: Иван Петров (ID: 1)
2025-02-14 06:11:16,340 - routes - INFO - Сообщение успешно отправлено в чат 79241908281@c.us.
2025-02-14 06:11:27,189 - routes - INFO - Сообщение успешно отправлено в чат 79241908281@c.us.
2025-02-14 06:11:41,611 - routes - INFO - Сообщение успешно отправлено в чат 79241908281@c.us.
2025-02-14 06:11:41,612 - routes - INFO - Запланированы напоминания для записи 11:
2025-02-14 06:11:41,612 - routes - INFO -   Напоминание за 24 часа: 2025-02-14T03:45:00+00:00
2025-02-14 06:11:41,612 - routes - INFO -   Напоминание за 1 час: 2025-02-15T02:45:00+00:00
2025-02-14 06:11:41,651 - routes - INFO - 24h reminder scheduled.
2025-02-14 06:11:41,656 - routes - INFO - 1h reminder scheduled.
2025-02-14 06:11:41,732 - routes - INFO - Сообщение успешно отправлено в чат 79241908281@c.us.
2025-02-14 06:11:48,410 - routes - INFO - Отправка сообщения клиенту 79241908281@c.us: 📅 Ваши записи🤗:
1. Бритье - Иван Петров - 15.02.2025 14:45

0. Назад
1. Отменить запись
2025-02-14 06:11:48,489 - routes - INFO - Сообщение успешно отправлено в чат 79241908281@c.us.
2025-02-14 06:11:48,489 - routes - INFO - Сообщение успешно отправлено клиенту 79241908281@c.us.
2025-02-14 06:11:59,314 - routes - INFO - Сообщение успешно отправлено в чат 79241908281@c.us.
2025-02-14 06:12:06,431 - routes - INFO - Сообщение успешно отправлено в чат 79241908281@c.us.
2025-02-14 06:12:12,401 - routes - INFO - Сообщение успешно отправлено в чат 79241908281@c.us.
2025-02-14 06:12:18,108 - routes - INFO - Доступные мастера для услуги Бритье: ['Иван Петров']
2025-02-14 06:12:18,180 - routes - INFO - Сообщение успешно отправлено в чат 79241908281@c.us.
2025-02-14 06:12:26,653 - routes - INFO - Ввод пользователя (выбор мастера): '1'
2025-02-14 06:12:26,657 - routes - INFO - Доступные мастера: ['Иван Петров']
2025-02-14 06:12:26,657 - routes - INFO - Выбран мастер: Иван Петров (ID: 1)
2025-02-14 06:12:26,757 - routes - INFO - Сообщение успешно отправлено в чат 79241908281@c.us.
2025-02-14 06:12:36,518 - routes - INFO - Сообщение успешно отправлено в чат 79241908281@c.us.
2025-02-14 06:12:45,403 - routes - INFO - Сообщение успешно отправлено в чат 79241908281@c.us.
2025-02-14 06:12:45,404 - routes - INFO - Запланированы напоминания для записи 12:
2025-02-14 06:12:45,404 - routes - INFO -   Напоминание за 24 часа: 2025-02-13T04:15:00+00:00
2025-02-14 06:12:45,404 - routes - INFO -   Напоминание за 1 час: 2025-02-14T03:15:00+00:00
2025-02-14 06:12:45,404 - routes - WARNING - Время для 24h напоминания прошло.
2025-02-14 06:12:45,442 - routes - INFO - 1h reminder scheduled.
2025-02-14 06:12:45,524 - routes - INFO - Сообщение успешно отправлено в чат 79241908281@c.us.
2025-02-14 06:12:53,997 - routes - INFO - Отправка сообщения клиенту 79241908281@c.us: 📅 Ваши записи🤗:
1. Бритье - Иван Петров - 14.02.2025 15:15
2. Бритье - Иван Петров - 15.02.2025 14:45

0. Назад
1. Отменить запись
2025-02-14 06:12:54,069 - routes - INFO - Сообщение успешно отправлено в чат 79241908281@c.us.
2025-02-14 06:12:54,070 - routes - INFO - Сообщение успешно отправлено клиенту 79241908281@c.us.
2025-02-14 06:13:09,592 - routes - INFO - Сообщение успешно отправлено в чат 79241908281@c.us.
2025-02-14 06:15:00,168 - routes - INFO - Сообщение успешно отправлено в чат 79241908281@c.us.
2025-02-14 06:15:18,070 - routes - INFO - Сообщение успешно отправлено в чат 79241908281@c.us.
2025-02-14 06:15:26,911 - routes - INFO - Сообщение успешно отправлено в чат 79241908281@c.us.
2025-02-14 06:21:06,922 - routes - INFO - Сообщение успешно отправлено в чат 79241908281@c.us.
2025-02-14 06:21:14,505 - routes - INFO - Сообщение успешно отправлено в чат 79241908281@c.us.
2025-02-14 06:21:25,209 - routes - INFO - Сообщение успешно отправлено в чат 79241908281@c.us.
2025-02-14 06:21:33,152 - routes - INFO - Сообщение успешно отправлено в чат 79241908281@c.us.
2025-02-14 06:21:42,506 - routes - INFO - Сообщение успешно отправлено в чат 79241908281@c.us.
2025-02-14 06:21:51,791 - routes - ERROR - FATAL ERROR: invalid literal for int() with base 10: '<>'
Traceback (most recent call last):
  File "/root/my_flask_bot/routes.py", line 357, in handle_confirmation
    appointment_id = int(parts[1]) if len(parts) > 1 else None  # Извлекаем ID записи
                     ^^^^^^^^^^^^^
ValueError: invalid literal for int() with base 10: '<>'
2025-02-14 06:21:51,869 - routes - INFO - Сообщение успешно отправлено в чат 79241908281@c.us.
2025-02-14 06:21:51,948 - routes - INFO - Сообщение успешно отправлено в чат 79241908281@c.us.
2025-02-14 06:21:58,292 - routes - INFO - Отправка сообщения клиенту 79241908281@c.us: 📅 Ваши записи🤗:
1. Бритье - Иван Петров - 14.02.2025 15:15
2. Бритье - Иван Петров - 15.02.2025 14:45

0. Назад
1. Отменить запись
2025-02-14 06:21:58,367 - routes - INFO - Сообщение успешно отправлено в чат 79241908281@c.us.
2025-02-14 06:21:58,367 - routes - INFO - Сообщение успешно отправлено клиенту 79241908281@c.us.
2025-02-14 06:22:48,820 - routes - INFO - Сообщение успешно отправлено в чат 79241908281@c.us.
2025-02-14 06:22:54,880 - routes - INFO - Отправка сообщения клиенту 79241908281@c.us: 📅 Ваши записи🤗:
1. Бритье - Иван Петров - 14.02.2025 15:15
2. Бритье - Иван Петров - 15.02.2025 14:45

0. Назад
1. Отменить запись
2025-02-14 06:22:54,953 - routes - INFO - Сообщение успешно отправлено в чат 79241908281@c.us.
2025-02-14 06:22:54,953 - routes - INFO - Сообщение успешно отправлено клиенту 79241908281@c.us.
2025-02-14 06:23:02,205 - routes - INFO - Сообщение успешно отправлено в чат 79241908281@c.us.
2025-02-14 06:23:08,447 - routes - INFO - Сообщение успешно отправлено в чат 79241908281@c.us.
2025-02-14 06:29:15,561 - routes - INFO - Отправка сообщения клиенту 79241908281@c.us: ❌ Запись не найдена или она не принадлежит вам.
2025-02-14 06:29:15,639 - routes - INFO - Сообщение успешно отправлено в чат 79241908281@c.us.
2025-02-14 06:29:15,640 - routes - INFO - Сообщение успешно отправлено клиенту 79241908281@c.us.
2025-02-14 06:29:28,261 - routes - INFO - Отправка сообщения клиенту 79241908281@c.us: ❌ Запись не найдена или она не принадлежит вам.
2025-02-14 06:29:28,338 - routes - INFO - Сообщение успешно отправлено в чат 79241908281@c.us.
2025-02-14 06:29:28,339 - routes - INFO - Сообщение успешно отправлено клиенту 79241908281@c.us.
2025-02-14 06:29:33,247 - routes - INFO - Отправка сообщения клиенту 79241908281@c.us: ❌ Запись не найдена или она не принадлежит вам.
2025-02-14 06:29:33,315 - routes - INFO - Сообщение успешно отправлено в чат 79241908281@c.us.
2025-02-14 06:29:33,316 - routes - INFO - Сообщение успешно отправлено клиенту 79241908281@c.us.
2025-02-14 06:29:44,035 - routes - INFO - Сообщение успешно отправлено в чат 79241908281@c.us.
2025-02-14 06:29:50,351 - routes - INFO - Отправка сообщения клиенту 79241908281@c.us: 📅 Ваши записи🤗:
1. Бритье - Иван Петров - 15.02.2025 14:45 (ID: 11)

0. Назад
1. Отменить запись
2025-02-14 06:29:50,423 - routes - INFO - Сообщение успешно отправлено в чат 79241908281@c.us.
2025-02-14 06:29:50,424 - routes - INFO - Сообщение успешно отправлено клиенту 79241908281@c.us.
2025-02-14 06:29:59,962 - routes - INFO - Сообщение успешно отправлено в чат 79241908281@c.us.
2025-02-14 06:30:07,232 - routes - INFO - Отправка сообщения клиенту 79241908281@c.us: ❌ Запись не найдена или она не принадлежит вам.
2025-02-14 06:30:07,309 - routes - INFO - Сообщение успешно отправлено в чат 79241908281@c.us.
2025-02-14 06:30:07,310 - routes - INFO - Сообщение успешно отправлено клиенту 79241908281@c.us.
2025-02-14 06:30:17,810 - routes - INFO - Сообщение успешно отправлено в чат 79241908281@c.us.
2025-02-14 06:30:23,279 - routes - INFO - Отправка сообщения клиенту 79241908281@c.us: 📅 Ваши записи🤗:
1. Бритье - Иван Петров - 15.02.2025 14:45 (ID: 11)

0. Назад
1. Отменить запись
2025-02-14 06:30:23,347 - routes - INFO - Сообщение успешно отправлено в чат 79241908281@c.us.
2025-02-14 06:30:23,348 - routes - INFO - Сообщение успешно отправлено клиенту 79241908281@c.us.
2025-02-14 06:45:00,128 - routes - INFO - Сообщение успешно отправлено в чат 79241908281@c.us.
2025-02-14 06:47:26,924 - routes - INFO - Сообщение успешно отправлено в чат 79241908281@c.us.
2025-02-14 06:47:34,692 - routes - INFO - Сообщение успешно отправлено в чат 79241908281@c.us.
2025-02-14 06:50:59,302 - routes - INFO - Сообщение успешно отправлено в чат 79241908281@c.us.
2025-02-14 06:51:07,583 - routes - INFO - Сообщение успешно отправлено в чат 79241908281@c.us.
2025-02-14 06:51:16,155 - routes - INFO - Сообщение успешно отправлено в чат 79241908281@c.us.
2025-02-14 06:51:26,340 - routes - ERROR - FATAL ERROR: invalid literal for int() with base 10: '<>'
Traceback (most recent call last):
  File "/root/my_flask_bot/routes.py", line 357, in handle_confirmation
    appointment_id = int(parts[1]) if len(parts) > 1 else None  # Извлекаем ID записи
                     ^^^^^^^^^^^^^
ValueError: invalid literal for int() with base 10: '<>'
2025-02-14 06:51:26,415 - routes - INFO - Сообщение успешно отправлено в чат 79241908281@c.us.
2025-02-14 06:51:26,496 - routes - INFO - Сообщение успешно отправлено в чат 79241908281@c.us.
2025-02-14 06:51:35,825 - routes - INFO - Отправка сообщения клиенту 79241908281@c.us: 📅 Ваши записи🤗:
1. Бритье - Иван Петров - 15.02.2025 14:45

0. Назад
1. Отменить запись
2025-02-14 06:51:35,905 - routes - INFO - Сообщение успешно отправлено в чат 79241908281@c.us.
2025-02-14 06:51:35,905 - routes - INFO - Сообщение успешно отправлено клиенту 79241908281@c.us.
2025-02-14 06:51:42,383 - routes - INFO - Сообщение успешно отправлено в чат 79241908281@c.us.
2025-02-14 06:51:47,947 - routes - INFO - Сообщение успешно отправлено в чат 79241908281@c.us.
2025-02-14 06:51:48,021 - routes - INFO - Сообщение успешно отправлено в чат 79241908281@c.us.
2025-02-14 06:51:57,080 - routes - INFO - Сообщение успешно отправлено в чат 79241908281@c.us.
2025-02-14 06:51:57,152 - routes - INFO - Сообщение успешно отправлено в чат 79241908281@c.us.
2025-02-14 06:52:03,901 - routes - INFO - Сообщение успешно отправлено в чат 79241908281@c.us.
2025-02-14 06:52:03,976 - routes - INFO - Сообщение успешно отправлено в чат 79241908281@c.us.
2025-02-14 06:52:11,551 - routes - INFO - Сообщение успешно отправлено в чат 79241908281@c.us.
2025-02-14 06:52:11,627 - routes - INFO - Сообщение успешно отправлено в чат 79241908281@c.us.
2025-02-14 06:52:19,478 - routes - INFO - Сообщение успешно отправлено в чат 79241908281@c.us.
2025-02-14 06:52:19,552 - routes - INFO - Сообщение успешно отправлено в чат 79241908281@c.us.
2025-02-14 06:52:27,516 - routes - INFO - Сообщение успешно отправлено в чат 79241908281@c.us.
2025-02-14 06:52:40,624 - routes - INFO - Отправка сообщения клиенту 79241908281@c.us: 📅 Ваши записи🤗:
1. Бритье - Иван Петров - 15.02.2025 14:45

0. Назад
1. Отменить запись
2025-02-14 06:52:40,704 - routes - INFO - Сообщение успешно отправлено в чат 79241908281@c.us.
2025-02-14 06:52:40,704 - routes - INFO - Сообщение успешно отправлено клиенту 79241908281@c.us.
2025-02-14 06:52:47,051 - routes - INFO - Сообщение успешно отправлено в чат 79241908281@c.us.
